<?xml version="1.0" encoding="UTF-8"?>
<robot generator="Robot 7.3 (Python 3.13.5 on win32)" generated="2025-07-04T02:56:19.987620" rpa="false" schemaversion="5">
<suite id="s1" name="API" source="C:\WasimShaikh\Projects\RobotFramework\Udemy\tests\API.robot">
<test id="s1-t1" name="GET operation" line="10">
<kw name="GET" owner="RequestsLibrary">
<msg time="2025-07-04T02:56:41.518210" level="INFO">GET Request : url=https://jsonplaceholder.typicode.com/posts/2 
 path_url=/posts/2 
 headers={'User-Agent': 'python-requests/2.32.4', 'Accept-Encoding': 'gzip, deflate', 'Accept': '*/*', 'Connection': 'keep-alive'} 
 body=None 
 </msg>
<msg time="2025-07-04T02:56:41.518505" level="INFO">GET Response : url=https://jsonplaceholder.typicode.com/posts/2 
 status=200, reason=OK 
 headers={'Date': 'Thu, 03 Jul 2025 21:26:40 GMT', 'Content-Type': 'application/json; charset=utf-8', 'Transfer-Encoding': 'chunked', 'Connection': 'keep-alive', 'Access-Control-Allow-Credentials': 'true', 'Cache-Control': 'max-age=43200', 'Etag': 'W/"116-jnDuMpjju89+9j7e0BqkdFsVRjs"', 'Expires': '-1', 'Nel': '{"report_to":"heroku-nel","response_headers":["Via"],"max_age":3600,"success_fraction":0.01,"failure_fraction":0.1}', 'Pragma': 'no-cache', 'Report-To': '{"group":"heroku-nel","endpoints":[{"url":"https://nel.heroku.com/reports?s=%2F3DOi6B981a9nyvKJfVKjaOpUnp0xdhNzMV3XZrp30o%3D\\u0026sid=e11707d5-02a7-43ef-b45e-2cf4d2036f7d\\u0026ts=1751514472"}],"max_age":3600}', 'Reporting-Endpoints': 'heroku-nel="https://nel.heroku.com/reports?s=%2F3DOi6B981a9nyvKJfVKjaOpUnp0xdhNzMV3XZrp30o%3D&amp;sid=e11707d5-02a7-43ef-b45e-2cf4d2036f7d&amp;ts=1751514472"', 'Server': 'cloudflare', 'Vary': 'Origin, Accept-Encoding', 'Via': '2.0 heroku-router', 'X-Content-Type-Options': 'nosniff', 'X-Powered-By': 'Express', 'X-Ratelimit-Limit': '1000', 'X-Ratelimit-Remaining': '997', 'X-Ratelimit-Reset': '1751514493', 'Age': '26469', 'Cf-Cache-Status': 'HIT', 'Content-Encoding': 'gzip', 'CF-RAY': '9599766799c16470-BOM', 'alt-svc': 'h3=":443"; ma=86400'} 
 body={
  "userId": 1,
  "id": 2,
  "title": "qui est esse",
  "body": "est rerum tempore vitae\nsequi sint nihil reprehenderit dolor beatae ea dolores neque\nfugiat blanditiis voluptate porro vel nihil molestiae ut reiciendis\nqui aperiam non debitis possimus qui neque nisi nulla"
} 
 </msg>
<msg time="2025-07-04T02:56:41.518824" level="INFO">${get_response} = &lt;Response [200]&gt;</msg>
<var>${get_response}</var>
<arg>${baseUrl}/posts/2</arg>
<arg>expected_status=200</arg>
<doc>Sends a GET request.</doc>
<status status="PASS" start="2025-07-04T02:56:20.338519" elapsed="21.180397"/>
</kw>
<kw name="Log" owner="BuiltIn">
<msg time="2025-07-04T02:56:41.520826" level="INFO">{'userId': 1, 'id': 2, 'title': 'qui est esse', 'body': 'est rerum tempore vitae\nsequi sint nihil reprehenderit dolor beatae ea dolores neque\nfugiat blanditiis voluptate porro vel nihil molestiae ut reiciendis\nqui aperiam non debitis possimus qui neque nisi nulla'}</msg>
<arg>${get_response.json()}</arg>
<doc>Logs the given message with the given level.</doc>
<status status="PASS" start="2025-07-04T02:56:41.519749" elapsed="0.001198"/>
</kw>
<status status="PASS" start="2025-07-04T02:56:20.337658" elapsed="21.184088"/>
</test>
<test id="s1-t2" name="POST operation" line="14">
<kw name="Create Dictionary" owner="BuiltIn">
<msg time="2025-07-04T02:56:41.524671" level="INFO">&amp;{mydata} = { name=Wasim Shaikh | course=api automation }</msg>
<var>&amp;{mydata}</var>
<arg>name=Wasim Shaikh</arg>
<arg>course=api automation</arg>
<doc>Creates and returns a dictionary based on the given ``items``.</doc>
<status status="PASS" start="2025-07-04T02:56:41.524230" elapsed="0.000474"/>
</kw>
<kw name="POST" owner="RequestsLibrary">
<msg time="2025-07-04T02:57:02.941029" level="INFO">POST Request : url=https://jsonplaceholder.typicode.com/posts 
 path_url=/posts 
 headers={'User-Agent': 'python-requests/2.32.4', 'Accept-Encoding': 'gzip, deflate', 'Accept': '*/*', 'Connection': 'keep-alive', 'Content-Length': '52', 'Content-Type': 'application/json'} 
 body=b'{"name": "Wasim Shaikh", "course": "api automation"}' 
 </msg>
<msg time="2025-07-04T02:57:02.941213" level="INFO">POST Response : url=https://jsonplaceholder.typicode.com/posts 
 status=503, reason=Service Unavailable 
 headers={'Date': 'Thu, 03 Jul 2025 21:27:02 GMT', 'Content-Type': 'text/html; charset=utf-8', 'Transfer-Encoding': 'chunked', 'Connection': 'keep-alive', 'Cache-Control': 'no-cache, no-store', 'Nel': '{"report_to":"heroku-nel","response_headers":["Via"],"max_age":3600,"success_fraction":0.01,"failure_fraction":0.1}', 'Report-To': '{"group":"heroku-nel","endpoints":[{"url":"https://nel.heroku.com/reports?s=J%2FAAWypu%2BKlfOtfTXjghXcepQaC%2BbnJiLeK7%2FWOuywA%3D\\u0026sid=e11707d5-02a7-43ef-b45e-2cf4d2036f7d\\u0026ts=1751578021"}],"max_age":3600}', 'Reporting-Endpoints': 'heroku-nel="https://nel.heroku.com/reports?s=J%2FAAWypu%2BKlfOtfTXjghXcepQaC%2BbnJiLeK7%2FWOuywA%3D&amp;sid=e11707d5-02a7-43ef-b45e-2cf4d2036f7d&amp;ts=1751578021"', 'Server': 'cloudflare', 'Via': '2.0 heroku-router', 'Cf-Cache-Status': 'DYNAMIC', 'CF-RAY': '959976ebd97f48dd-BOM', 'alt-svc': 'h3=":443"; ma=86400'} 
 body=&lt;!DOCTYPE html&gt;
&lt;html&gt;
  &lt;head&gt;
    &lt;meta name="viewport" content="width=device-width, initial-scale=1"&gt;
    &lt;meta charset="utf-8"&gt;
    &lt;title&gt;Application Error&lt;/title&gt;
    &lt;style media="screen"&gt;
      html,body,iframe {
        margin: 0;
        padding: 0;
      }

      html,body {
        height: 100%;
        overflow: hidden;
      }

      iframe {
        width: 100%;
        height: 100%;
        border: 0;
      }
    &lt;/style&gt;
  &lt;/head&gt;
  &lt;body&gt;
    &lt;iframe src="https://www.herokucdn.com/error-pages/application-error.html"&gt;&lt;/iframe&gt;
  &lt;/body&gt;
&lt;/html&gt; 
 </msg>
<msg time="2025-07-04T02:57:02.941567" level="FAIL">Url: https://jsonplaceholder.typicode.com/posts Expected status: 503 != 201</msg>
<var>${post_response}</var>
<arg>${baseUrl}/posts</arg>
<arg>json=${mydata}</arg>
<arg>expected_status=201</arg>
<doc>Sends a POST request.</doc>
<status status="FAIL" start="2025-07-04T02:56:41.525061" elapsed="21.420763">Url: https://jsonplaceholder.typicode.com/posts Expected status: 503 != 201</status>
</kw>
<kw name="Log" owner="BuiltIn">
<arg>${post_response.json()}</arg>
<doc>Logs the given message with the given level.</doc>
<status status="NOT RUN" start="2025-07-04T02:57:02.946735" elapsed="0.000054"/>
</kw>
<kw name="Dictionary Should Contain Key" owner="Collections">
<arg>${post_response.json()}</arg>
<arg>id</arg>
<doc>Fails if ``key`` is not found from ``dictionary``.</doc>
<status status="NOT RUN" start="2025-07-04T02:57:02.947473" elapsed="0.000046"/>
</kw>
<kw name="Get From Dictionary" owner="Collections">
<var>${userID}</var>
<arg>${post_response.json()}</arg>
<arg>id</arg>
<doc>Returns a value from the given ``dictionary`` based on the given ``key``.</doc>
<status status="NOT RUN" start="2025-07-04T02:57:02.948140" elapsed="0.000036"/>
</kw>
<kw name="Log" owner="BuiltIn">
<arg>${userID}</arg>
<doc>Logs the given message with the given level.</doc>
<status status="NOT RUN" start="2025-07-04T02:57:02.948708" elapsed="0.000041"/>
</kw>
<kw name="Should Be Equal As Strings" owner="BuiltIn">
<arg>101</arg>
<arg>${userID}</arg>
<doc>Fails if objects are unequal after converting them to strings.</doc>
<status status="NOT RUN" start="2025-07-04T02:57:02.949313" elapsed="0.000040"/>
</kw>
<kw name="Status Should Be" owner="RequestsLibrary">
<arg>201</arg>
<arg>${post_response}</arg>
<doc>Fails if response status code is different than the expected.</doc>
<status status="NOT RUN" start="2025-07-04T02:57:02.949860" elapsed="0.000036"/>
</kw>
<status status="FAIL" start="2025-07-04T02:56:41.523456" elapsed="21.426989">Url: https://jsonplaceholder.typicode.com/posts Expected status: 503 != 201</status>
</test>
<test id="s1-t3" name="PUT Operation" line="24">
<kw name="Create Dictionary" owner="BuiltIn">
<msg time="2025-07-04T02:57:02.953275" level="INFO">&amp;{myNewData} = { name=Wasim Shaikh | job=SDET | request=This is a Put request }</msg>
<var>&amp;{myNewData}</var>
<arg>name=Wasim Shaikh</arg>
<arg>job=SDET</arg>
<arg>request=This is a Put request</arg>
<doc>Creates and returns a dictionary based on the given ``items``.</doc>
<status status="PASS" start="2025-07-04T02:57:02.952884" elapsed="0.000604"/>
</kw>
<kw name="PUT" owner="RequestsLibrary">
<msg time="2025-07-04T02:57:24.784173" level="INFO">PUT Request : url=https://jsonplaceholder.typicode.com/posts/2 
 path_url=/posts/2 
 headers={'User-Agent': 'python-requests/2.32.4', 'Accept-Encoding': 'gzip, deflate', 'Accept': '*/*', 'Connection': 'keep-alive', 'Content-Length': '75', 'Content-Type': 'application/json'} 
 body=b'{"name": "Wasim Shaikh", "job": "SDET", "request": "This is a Put request"}' 
 </msg>
<msg time="2025-07-04T02:57:24.784408" level="INFO">PUT Response : url=https://jsonplaceholder.typicode.com/posts/2 
 status=200, reason=OK 
 headers={'Date': 'Thu, 03 Jul 2025 21:27:23 GMT', 'Content-Type': 'application/json; charset=utf-8', 'Transfer-Encoding': 'chunked', 'Connection': 'keep-alive', 'Access-Control-Allow-Credentials': 'true', 'Cache-Control': 'no-cache', 'Etag': 'W/"5e-FFhVSAmLEYzK2aQgUGtTBr/LLWQ"', 'Expires': '-1', 'Nel': '{"report_to":"heroku-nel","response_headers":["Via"],"max_age":3600,"success_fraction":0.01,"failure_fraction":0.1}', 'Pragma': 'no-cache', 'Report-To': '{"group":"heroku-nel","endpoints":[{"url":"https://nel.heroku.com/reports?s=eY612EltiyjJEqJkzRu1GIYCwJXA3mNuzFZKVuF6m84%3D\\u0026sid=e11707d5-02a7-43ef-b45e-2cf4d2036f7d\\u0026ts=1751578043"}],"max_age":3600}', 'Reporting-Endpoints': 'heroku-nel="https://nel.heroku.com/reports?s=eY612EltiyjJEqJkzRu1GIYCwJXA3mNuzFZKVuF6m84%3D&amp;sid=e11707d5-02a7-43ef-b45e-2cf4d2036f7d&amp;ts=1751578043"', 'Server': 'cloudflare', 'Vary': 'Origin, Accept-Encoding', 'Via': '2.0 heroku-router', 'X-Content-Type-Options': 'nosniff', 'X-Powered-By': 'Express', 'X-Ratelimit-Limit': '1000', 'X-Ratelimit-Remaining': '999', 'X-Ratelimit-Reset': '1751578044', 'Cf-Cache-Status': 'DYNAMIC', 'Content-Encoding': 'gzip', 'CF-RAY': '95997771bf57ff6d-BOM', 'alt-svc': 'h3=":443"; ma=86400'} 
 body={
  "name": "Wasim Shaikh",
  "job": "SDET",
  "request": "This is a Put request",
  "id": 2
} 
 </msg>
<msg time="2025-07-04T02:57:24.784668" level="INFO">${put_response} = &lt;Response [200]&gt;</msg>
<var>${put_response}</var>
<arg>${baseUrl}/posts/2</arg>
<arg>json=${myNewData}</arg>
<arg>expected_status=200</arg>
<doc>Sends a PUT request.</doc>
<status status="PASS" start="2025-07-04T02:57:02.953947" elapsed="21.830779"/>
</kw>
<kw name="Log" owner="BuiltIn">
<msg time="2025-07-04T02:57:24.786479" level="INFO">{'name': 'Wasim Shaikh', 'job': 'SDET', 'request': 'This is a Put request', 'id': 2}</msg>
<arg>${put_response.json()}</arg>
<doc>Logs the given message with the given level.</doc>
<status status="PASS" start="2025-07-04T02:57:24.785479" elapsed="0.001035"/>
</kw>
<status status="PASS" start="2025-07-04T02:57:02.952042" elapsed="21.834836"/>
</test>
<test id="s1-t4" name="PATCH Operation" line="29">
<kw name="Create Dictionary" owner="BuiltIn">
<msg time="2025-07-04T02:57:24.789226" level="INFO">&amp;{myPartialData} = { name=Wasim Shaikh | body=This is a Patch request }</msg>
<var>&amp;{myPartialData}</var>
<arg>name=Wasim Shaikh</arg>
<arg>body=This is a Patch request</arg>
<doc>Creates and returns a dictionary based on the given ``items``.</doc>
<status status="PASS" start="2025-07-04T02:57:24.788893" elapsed="0.000442"/>
</kw>
<kw name="PATCH" owner="RequestsLibrary">
<msg time="2025-07-04T02:57:46.607695" level="INFO">PATCH Request : url=https://jsonplaceholder.typicode.com/posts/2 
 path_url=/posts/2 
 headers={'User-Agent': 'python-requests/2.32.4', 'Accept-Encoding': 'gzip, deflate', 'Accept': '*/*', 'Connection': 'keep-alive', 'Content-Length': '59', 'Content-Type': 'application/json'} 
 body=b'{"name": "Wasim Shaikh", "body": "This is a Patch request"}' 
 </msg>
<msg time="2025-07-04T02:57:46.607969" level="INFO">PATCH Response : url=https://jsonplaceholder.typicode.com/posts/2 
 status=200, reason=OK 
 headers={'Date': 'Thu, 03 Jul 2025 21:27:45 GMT', 'Content-Type': 'application/json; charset=utf-8', 'Transfer-Encoding': 'chunked', 'Connection': 'keep-alive', 'Access-Control-Allow-Credentials': 'true', 'Cache-Control': 'no-cache', 'Etag': 'W/"76-ThVcUOMZCZwqqxi5mfmW7Zc9niU"', 'Expires': '-1', 'Nel': '{"report_to":"heroku-nel","response_headers":["Via"],"max_age":3600,"success_fraction":0.01,"failure_fraction":0.1}', 'Pragma': 'no-cache', 'Report-To': '{"group":"heroku-nel","endpoints":[{"url":"https://nel.heroku.com/reports?s=5pVGzNLW0jzdAjnBbdufegm9FvmJPo1L1%2BBbQFQnz2c%3D\\u0026sid=e11707d5-02a7-43ef-b45e-2cf4d2036f7d\\u0026ts=1751578065"}],"max_age":3600}', 'Reporting-Endpoints': 'heroku-nel="https://nel.heroku.com/reports?s=5pVGzNLW0jzdAjnBbdufegm9FvmJPo1L1%2BBbQFQnz2c%3D&amp;sid=e11707d5-02a7-43ef-b45e-2cf4d2036f7d&amp;ts=1751578065"', 'Server': 'cloudflare', 'Vary': 'Origin, Accept-Encoding', 'Via': '2.0 heroku-router', 'X-Content-Type-Options': 'nosniff', 'X-Powered-By': 'Express', 'X-Ratelimit-Limit': '1000', 'X-Ratelimit-Remaining': '999', 'X-Ratelimit-Reset': '1751578104', 'Cf-Cache-Status': 'DYNAMIC', 'Content-Encoding': 'gzip', 'CF-RAY': '959977fa7a8747d8-BOM', 'alt-svc': 'h3=":443"; ma=86400'} 
 body={
  "userId": 1,
  "id": 2,
  "title": "qui est esse",
  "body": "This is a Patch request",
  "name": "Wasim Shaikh"
} 
 </msg>
<msg time="2025-07-04T02:57:46.608260" level="INFO">${patch_response} = &lt;Response [200]&gt;</msg>
<var>${patch_response}</var>
<arg>${baseUrl}/posts/2</arg>
<arg>json=${myPartialData}</arg>
<arg>expected_status=200</arg>
<doc>Sends a PUT request.</doc>
<status status="PASS" start="2025-07-04T02:57:24.789960" elapsed="21.818365"/>
</kw>
<kw name="Log" owner="BuiltIn">
<msg time="2025-07-04T02:57:46.610327" level="INFO">{'userId': 1, 'id': 2, 'title': 'qui est esse', 'body': 'This is a Patch request', 'name': 'Wasim Shaikh'}</msg>
<arg>${patch_response.json()}</arg>
<doc>Logs the given message with the given level.</doc>
<status status="PASS" start="2025-07-04T02:57:46.609184" elapsed="0.001250"/>
</kw>
<status status="PASS" start="2025-07-04T02:57:24.788168" elapsed="21.823000"/>
</test>
<test id="s1-t5" name="DELETE Operation" line="34">
<kw name="DELETE" owner="RequestsLibrary">
<msg time="2025-07-04T02:58:08.379639" level="INFO">DELETE Request : url=https://jsonplaceholder.typicode.com/posts/2 
 path_url=/posts/2 
 headers={'User-Agent': 'python-requests/2.32.4', 'Accept-Encoding': 'gzip, deflate', 'Accept': '*/*', 'Connection': 'keep-alive', 'Content-Length': '0'} 
 body=None 
 </msg>
<msg time="2025-07-04T02:58:08.379717" level="INFO">DELETE Response : url=https://jsonplaceholder.typicode.com/posts/2 
 status=200, reason=OK 
 headers={'Date': 'Thu, 03 Jul 2025 21:28:07 GMT', 'Content-Type': 'application/json; charset=utf-8', 'Transfer-Encoding': 'chunked', 'Connection': 'keep-alive', 'Access-Control-Allow-Credentials': 'true', 'Cache-Control': 'no-cache', 'Etag': 'W/"2-vyGp6PvFo4RvsFtPoIWeCReyIC8"', 'Expires': '-1', 'Nel': '{"report_to":"heroku-nel","response_headers":["Via"],"max_age":3600,"success_fraction":0.01,"failure_fraction":0.1}', 'Pragma': 'no-cache', 'Report-To': '{"group":"heroku-nel","endpoints":[{"url":"https://nel.heroku.com/reports?s=FT3sHbP8gb7LBOsabmAH2oWpDlDngx0hBr1HNjQwjm4%3D\\u0026sid=e11707d5-02a7-43ef-b45e-2cf4d2036f7d\\u0026ts=1751578087"}],"max_age":3600}', 'Reporting-Endpoints': 'heroku-nel="https://nel.heroku.com/reports?s=FT3sHbP8gb7LBOsabmAH2oWpDlDngx0hBr1HNjQwjm4%3D&amp;sid=e11707d5-02a7-43ef-b45e-2cf4d2036f7d&amp;ts=1751578087"', 'Server': 'cloudflare', 'Vary': 'Origin, Accept-Encoding', 'Via': '2.0 heroku-router', 'X-Content-Type-Options': 'nosniff', 'X-Powered-By': 'Express', 'X-Ratelimit-Limit': '1000', 'X-Ratelimit-Remaining': '998', 'X-Ratelimit-Reset': '1751578104', 'Cf-Cache-Status': 'DYNAMIC', 'Content-Encoding': 'gzip', 'CF-RAY': '959978829cd63a2d-BOM', 'alt-svc': 'h3=":443"; ma=86400'} 
 body={} 
 </msg>
<msg time="2025-07-04T02:58:08.379932" level="INFO">${delete_request} = &lt;Response [200]&gt;</msg>
<var>${delete_request}</var>
<arg>${baseUrl}/posts/2</arg>
<arg>expected_status=200</arg>
<doc>Sends a DELETE request.</doc>
<status status="PASS" start="2025-07-04T02:57:46.613979" elapsed="21.765976"/>
</kw>
<kw name="Status Should Be" owner="RequestsLibrary">
<arg>200</arg>
<arg>${delete_request}</arg>
<doc>Fails if response status code is different than the expected.</doc>
<status status="PASS" start="2025-07-04T02:58:08.380451" elapsed="0.000717"/>
</kw>
<kw name="Log" owner="BuiltIn">
<msg time="2025-07-04T02:58:08.382824" level="INFO">{}</msg>
<arg>${delete_request.json()}</arg>
<doc>Logs the given message with the given level.</doc>
<status status="PASS" start="2025-07-04T02:58:08.381897" elapsed="0.001024"/>
</kw>
<kw name="Should Be Empty" owner="BuiltIn">
<msg time="2025-07-04T02:58:08.384520" level="INFO">Length is 0.</msg>
<arg>${delete_request.json()}</arg>
<doc>Verifies that the given item is empty.</doc>
<status status="PASS" start="2025-07-04T02:58:08.383245" elapsed="0.001372"/>
</kw>
<kw name="Get Length" owner="BuiltIn">
<msg time="2025-07-04T02:58:08.385717" level="INFO">Length is 0.</msg>
<msg time="2025-07-04T02:58:08.385883" level="INFO">${dict_len} = 0</msg>
<var>${dict_len}</var>
<arg>${delete_request.json()}</arg>
<doc>Returns and logs the length of the given item as an integer.</doc>
<status status="PASS" start="2025-07-04T02:58:08.384938" elapsed="0.000993"/>
</kw>
<kw name="Should Be Equal As Integers" owner="BuiltIn">
<msg time="2025-07-04T02:58:08.386535" level="INFO">Argument types are:
&lt;class 'str'&gt;
&lt;class 'int'&gt;</msg>
<arg>0</arg>
<arg>${dict_len}</arg>
<doc>Fails if objects are unequal after converting them to integers.</doc>
<status status="PASS" start="2025-07-04T02:58:08.386265" elapsed="0.000381"/>
</kw>
<kw name="Length Should Be" owner="BuiltIn">
<msg time="2025-07-04T02:58:08.387697" level="INFO">Length is 0.</msg>
<arg>${delete_request.json()}</arg>
<arg>0</arg>
<doc>Verifies that the length of the given item is correct.</doc>
<status status="PASS" start="2025-07-04T02:58:08.386940" elapsed="0.000842"/>
</kw>
<status status="PASS" start="2025-07-04T02:57:46.613067" elapsed="21.775014"/>
</test>
<status status="FAIL" start="2025-07-04T02:56:19.989254" elapsed="108.399999"/>
</suite>
<statistics>
<total>
<stat pass="4" fail="1" skip="0">All Tests</stat>
</total>
<tag>
</tag>
<suite>
<stat name="API" id="s1" pass="4" fail="1" skip="0">API</stat>
</suite>
</statistics>
<errors>
</errors>
</robot>
